[debug] [2023-04-18T10:40:10.538Z] ----------------------------------------------------------------------
[debug] [2023-04-18T10:40:10.540Z] Command:       C:\Program Files\nodejs\node.exe C:\Users\chimd\AppData\Roaming\npm\node_modules\firebase-tools\lib\bin\firebase.js init
[debug] [2023-04-18T10:40:10.541Z] CLI Version:   11.27.0
[debug] [2023-04-18T10:40:10.541Z] Platform:      win32
[debug] [2023-04-18T10:40:10.541Z] Node Version:  v17.4.0
[debug] [2023-04-18T10:40:10.542Z] Time:          Tue Apr 18 2023 13:40:10 GMT+0300 (Eastern European Summer Time)
[debug] [2023-04-18T10:40:10.543Z] ----------------------------------------------------------------------
[debug] 
[debug] [2023-04-18T10:40:10.551Z] > command requires scopes: ["email","openid","https://www.googleapis.com/auth/cloudplatformprojects.readonly","https://www.googleapis.com/auth/firebase","https://www.googleapis.com/auth/cloud-platform"]
[debug] [2023-04-18T10:40:10.552Z] > authorizing via signed-in user (chimdi247@gmail.com)
[info] 
     ######## #### ########  ######## ########     ###     ######  ########
     ##        ##  ##     ## ##       ##     ##  ##   ##  ##       ##
     ######    ##  ########  ######   ########  #########  ######  ######
     ##        ##  ##    ##  ##       ##     ## ##     ##       ## ##
     ##       #### ##     ## ######## ########  ##     ##  ######  ########

You're about to initialize a Firebase project in this directory:

  C:\Users\chimd\OneDrive\Desktop\React_Firebase\movie_app

[info] 
=== Project Setup
[info] 
[info] First, let's associate this project directory with a Firebase project.
[info] You can create multiple project aliases by running firebase use --add, 
[info] but for now we'll just set up a default project.
[info] 
[debug] [2023-04-18T10:41:50.456Z] >>> [apiv2][query] GET https://firebase.googleapis.com/v1beta1/projects pageSize=100
[debug] [2023-04-18T10:41:51.501Z] <<< [apiv2][status] GET https://firebase.googleapis.com/v1beta1/projects 200
[debug] [2023-04-18T10:41:51.501Z] <<< [apiv2][body] GET https://firebase.googleapis.com/v1beta1/projects [omitted]
[info] i  Using project movieapp-5522f (movieapp) 
[info] 
=== Hosting Setup
[info] 
[info] Your public directory is the folder (relative to your project directory) that
[info] will contain Hosting assets to be uploaded with firebase deploy. If you
[info] have a build process for your assets, use your build's output directory.
[info] 
[info] +  Wrote public/404.html 
[debug] [2023-04-18T10:43:57.035Z] >>> [apiv2][query] GET https://www.gstatic.com/firebasejs/releases.json [none]
[debug] [2023-04-18T10:43:57.095Z] <<< [apiv2][status] GET https://www.gstatic.com/firebasejs/releases.json 200
[debug] [2023-04-18T10:43:57.095Z] <<< [apiv2][body] GET https://www.gstatic.com/firebasejs/releases.json {"current":{"version":"9.19.1","browserURL":"https://www.gstatic.com/firebasejs/9.19.1/firebase.js","packageURL":"https://www.gstatic.com/firebasejs/9.19.1/firebase.tgz"},"live":{"version":"9.19","browserURL":"https://www.gstatic.com/firebasejs/live/9.19/firebase.js","packageURL":"https://www.gstatic.com/firebasejs/live/9.19/firebase.tgz"},"components":{"analytics":"https://www.gstatic.com/firebasejs/9.19.1/firebase-analytics.js","app":"https://www.gstatic.com/firebasejs/9.19.1/firebase-app.js","app-check":"https://www.gstatic.com/firebasejs/9.19.1/firebase-app-check.js","auth":"https://www.gstatic.com/firebasejs/9.19.1/firebase-auth.js","auth/cordova":"https://www.gstatic.com/firebasejs/9.19.1/firebase-auth/cordova.js","auth/react-native":"https://www.gstatic.com/firebasejs/9.19.1/firebase-auth/react-native.js","functions":"https://www.gstatic.com/firebasejs/9.19.1/firebase-functions.js","firestore":"https://www.gstatic.com/firebasejs/9.19.1/firebase-firestore.js","firestore/lite":"https://www.gstatic.com/firebasejs/9.19.1/firebase-firestore/lite.js","installations":"https://www.gstatic.com/firebasejs/9.19.1/firebase-installations.js","storage":"https://www.gstatic.com/firebasejs/9.19.1/firebase-storage.js","performance":"https://www.gstatic.com/firebasejs/9.19.1/firebase-performance.js","remote-config":"https://www.gstatic.com/firebasejs/9.19.1/firebase-remote-config.js","messaging":"https://www.gstatic.com/firebasejs/9.19.1/firebase-messaging.js","messaging/sw":"https://www.gstatic.com/firebasejs/9.19.1/firebase-messaging/sw.js","database":"https://www.gstatic.com/firebasejs/9.19.1/firebase-database.js","firestore.memory":"https://www.gstatic.com/firebasejs/9.19.1/firebase-firestore.memory.js"}}
[info] i  Skipping write of public/index.html 
[info] 
[info] i  Detected a .git folder at C:\Users\chimd\OneDrive\Desktop\React_Firebase\movie_app 
[info] i  Authorizing with GitHub to upload your service account to a GitHub repository's secrets store. 
[info] 
[info] Visit this URL on this device to log in:
[info] https://github.com/login/oauth/authorize?client_id=89cf50f02ac6aaed3484&state=400080481&redirect_uri=http%3A%2F%2Flocalhost%3A9005&scope=read%3Auser%20repo%20public_repo
[info] 
[info] Waiting for authentication...
[debug] [2023-04-18T10:45:19.639Z] >>> [apiv2][query] POST https://github.com/login/oauth/access_token [none]
[debug] [2023-04-18T10:45:19.639Z] >>> [apiv2][body] POST https://github.com/login/oauth/access_token [stream]
[debug] [2023-04-18T10:45:19.971Z] <<< [apiv2][status] POST https://github.com/login/oauth/access_token 200
[debug] [2023-04-18T10:45:19.971Z] <<< [apiv2][body] POST https://github.com/login/oauth/access_token {"access_token":"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","token_type":"bearer","scope":"read:user,repo"}
[debug] [2023-04-18T10:45:19.988Z] >>> [apiv2][query] GET https://api.github.com/user [none]
[debug] [2023-04-18T10:45:20.347Z] <<< [apiv2][status] GET https://api.github.com/user 200
[debug] [2023-04-18T10:45:20.347Z] <<< [apiv2][body] GET https://api.github.com/user {"login":"chimdi247","id":85155060,"node_id":"MDQ6VXNlcjg1MTU1MDYw","avatar_url":"https://avatars.githubusercontent.com/u/85155060?v=4","gravatar_id":"","url":"https://api.github.com/users/chimdi247","html_url":"https://github.com/chimdi247","followers_url":"https://api.github.com/users/chimdi247/followers","following_url":"https://api.github.com/users/chimdi247/following{/other_user}","gists_url":"https://api.github.com/users/chimdi247/gists{/gist_id}","starred_url":"https://api.github.com/users/chimdi247/starred{/owner}{/repo}","subscriptions_url":"https://api.github.com/users/chimdi247/subscriptions","organizations_url":"https://api.github.com/users/chimdi247/orgs","repos_url":"https://api.github.com/users/chimdi247/repos","events_url":"https://api.github.com/users/chimdi247/events{/privacy}","received_events_url":"https://api.github.com/users/chimdi247/received_events","type":"User","site_admin":false,"name":null,"company":null,"blog":"","location":null,"email":null,"hireable":null,"bio":null,"twitter_username":null,"public_repos":4,"public_gists":0,"followers":0,"following":0,"created_at":"2021-06-01T06:59:17Z","updated_at":"2023-02-19T21:34:06Z","private_gists":0,"total_private_repos":0,"owned_private_repos":0,"disk_usage":1438,"collaborators":0,"two_factor_authentication":false,"plan":{"name":"free","space":976562499,"collaborators":0,"private_repos":10000}}
[info] 
[info] +  Success! Logged into GitHub as chimdi247 
[info] 
